<?xml version="1.0" encoding="UTF-8"?>
<!-- Generated by org.testng.reporters.JUnitReportReporter -->
<testsuite hostname="DESKTOP-HRKT98K" failures="0" tests="5" name="com.saucedemo.testcases.loginTests" time="17.847" errors="0" timestamp="2024-07-10T20:12:52 EEST" skipped="0">
  <testcase classname="com.saucedemo.testcases.loginTests" name="testLoginElementsPresence" time="2.495"/>
  <system-out/>
  <testcase classname="com.saucedemo.testcases.loginTests" name="testValidLogin" time="2.859"/>
  <system-out/>
  <testcase classname="com.saucedemo.testcases.loginTests" name="testInvalidLogin" time="3.848"/>
  <system-out/>
  <testcase classname="com.saucedemo.testcases.loginTests" name="testEmptyUsername" time="2.726"/>
  <system-out/>
  <testcase classname="com.saucedemo.testcases.loginTests" name="testEmptyPassword" time="5.919"/>
  <system-out/>
</testsuite> <!-- com.saucedemo.testcases.loginTests -->
