<?xml version="1.0" encoding="UTF-8"?>
<!-- Generated by org.testng.reporters.JUnitReportReporter -->
<testsuite hostname="DESKTOP-HRKT98K" failures="0" tests="1" name="com.saucedemo.testcases.testngclass" time="0.016" errors="0" timestamp="2024-07-10T17:21:29 EEST" skipped="0">
  <testcase classname="com.saucedemo.testcases.testngclass" name="func" time="0.016"/>
  <system-out/>
</testsuite> <!-- com.saucedemo.testcases.testngclass -->
