<?xml version="1.0" encoding="UTF-8"?>
<!-- Generated by org.testng.reporters.JUnitReportReporter -->
<testsuite hostname="DESKTOP-HRKT98K" failures="0" tests="1" name="saucedemoAutomation" time="3.103" errors="0" timestamp="2024-07-07T16:10:49 EEST" skipped="0">
  <testcase classname="saucedemoAutomation" name="setUp" time="3.103"/>
  <system-out/>
</testsuite> <!-- saucedemoAutomation -->
